<?xml version="1.0" encoding="UTF-8"?>
<!-- Generated by org.testng.reporters.JUnitReportReporter -->
<testsuite hostname="QC-Thanh-VC-Lap" failures="0" tests="3" name="com.browserstack.FirstTest" time="101.035" errors="0" timestamp="2024-12-01T23:24:19 ICT" skipped="0">
  <testcase classname="com.browserstack.FirstTest" name="test" time="36.546"/>
  <system-out/>
  <testcase classname="com.browserstack.FirstTest" name="test" time="33.093"/>
  <system-out/>
  <testcase classname="com.browserstack.FirstTest" name="test" time="31.396"/>
  <system-out/>
</testsuite> <!-- com.browserstack.FirstTest -->
